2019-03-25 13:36:38,723 INFO  [org.jboss.modules] (main) JBoss Modules version 1.9.0.Final
2019-03-25 13:36:39,041 INFO  [org.jboss.msc] (main) JBoss MSC version 1.4.5.Final
2019-03-25 13:36:39,047 INFO  [org.jboss.threads] (main) JBoss Threads version 2.3.3.Final
2019-03-25 13:36:39,148 INFO  [org.jboss.as] (MSC service thread 1-2) WFLYSRV0049: WildFly Full 16.0.0.Final (WildFly Core 8.0.0.Final) starting
2019-03-25 13:36:39,149 DEBUG [org.jboss.as.config] (MSC service thread 1-2) Configured system properties:
	[Standalone] = 
	awt.toolkit = sun.awt.X11.XToolkit
	file.encoding = UTF-8
	file.separator = /
	java.awt.graphicsenv = sun.awt.X11GraphicsEnvironment
	java.awt.headless = true
	java.awt.printerjob = sun.print.PSPrinterJob
	java.class.path = /home/reinoud/devtools/wildfly-16.0.0.Final/jboss-modules.jar
	java.class.version = 55.0
	java.home = /usr/lib/jvm/java-11-openjdk-amd64
	java.io.tmpdir = /tmp
	java.library.path = /usr/java/packages/lib:/usr/lib/x86_64-linux-gnu/jni:/lib/x86_64-linux-gnu:/usr/lib/x86_64-linux-gnu:/usr/lib/jni:/lib:/usr/lib
	java.net.preferIPv4Stack = true
	java.runtime.name = OpenJDK Runtime Environment
	java.runtime.version = 11.0.1+13-Ubuntu-3ubuntu3.18.10.1
	java.specification.name = Java Platform API Specification
	java.specification.vendor = Oracle Corporation
	java.specification.version = 11
	java.util.logging.manager = org.jboss.logmanager.LogManager
	java.vendor = Oracle Corporation
	java.vendor.url = http://java.oracle.com/
	java.vendor.url.bug = http://bugreport.java.com/bugreport/
	java.version = 11.0.1
	java.version.date = 2018-10-16
	java.vm.compressedOopsMode = 32-bit
	java.vm.info = mixed mode, sharing
	java.vm.name = OpenJDK 64-Bit Server VM
	java.vm.specification.name = Java Virtual Machine Specification
	java.vm.specification.vendor = Oracle Corporation
	java.vm.specification.version = 11
	java.vm.vendor = Oracle Corporation
	java.vm.version = 11.0.1+13-Ubuntu-3ubuntu3.18.10.1
	javax.management.builder.initial = org.jboss.as.jmx.PluggableMBeanServerBuilder
	jboss.home.dir = /home/reinoud/devtools/wildfly-16.0.0.Final
	jboss.host.name = klovan
	jboss.modules.dir = /home/reinoud/devtools/wildfly-16.0.0.Final/modules
	jboss.modules.system.pkgs = org.jboss.byteman
	jboss.node.name = klovan
	jboss.qualified.host.name = klovan
	jboss.server.base.dir = /home/reinoud/devtools/wildfly-16.0.0.Final/standalone
	jboss.server.config.dir = /home/reinoud/devtools/wildfly-16.0.0.Final/standalone/configuration
	jboss.server.data.dir = /home/reinoud/devtools/wildfly-16.0.0.Final/standalone/data
	jboss.server.deploy.dir = /home/reinoud/devtools/wildfly-16.0.0.Final/standalone/data/content
	jboss.server.log.dir = /home/reinoud/devtools/wildfly-16.0.0.Final/standalone/log
	jboss.server.name = klovan
	jboss.server.persist.config = true
	jboss.server.temp.dir = /home/reinoud/devtools/wildfly-16.0.0.Final/standalone/tmp
	jdk.debug = release
	line.separator = 

	logging.configuration = file:/home/reinoud/devtools/wildfly-16.0.0.Final/standalone/configuration/logging.properties
	module.path = /home/reinoud/devtools/wildfly-16.0.0.Final/modules
	org.jboss.boot.log.file = /home/reinoud/devtools/wildfly-16.0.0.Final/standalone/log/server.log
	org.jboss.resolver.warning = true
	os.arch = amd64
	os.name = Linux
	os.version = 4.18.0-16-generic
	path.separator = :
	sun.arch.data.model = 64
	sun.boot.library.path = /usr/lib/jvm/java-11-openjdk-amd64/lib
	sun.cpu.endian = little
	sun.cpu.isalist = 
	sun.desktop = gnome
	sun.io.unicode.encoding = UnicodeLittle
	sun.java.command = /home/reinoud/devtools/wildfly-16.0.0.Final/jboss-modules.jar -mp /home/reinoud/devtools/wildfly-16.0.0.Final/modules org.jboss.as.standalone -Djboss.home.dir=/home/reinoud/devtools/wildfly-16.0.0.Final -Djboss.server.base.dir=/home/reinoud/devtools/wildfly-16.0.0.Final/standalone
	sun.java.launcher = SUN_STANDARD
	sun.jnu.encoding = UTF-8
	sun.management.compiler = HotSpot 64-Bit Tiered Compilers
	sun.os.patch.level = unknown
	user.country = US
	user.dir = /home/reinoud/devtools/wildfly-16.0.0.Final/bin
	user.home = /home/reinoud
	user.language = en
	user.name = reinoud
	user.timezone = Europe/Amsterdam
2019-03-25 13:36:39,151 DEBUG [org.jboss.as.config] (MSC service thread 1-2) VM Arguments: -D[Standalone] -Xms64m -Xmx512m -XX:MetaspaceSize=96M -XX:MaxMetaspaceSize=256m -Djava.net.preferIPv4Stack=true -Djboss.modules.system.pkgs=org.jboss.byteman -Djava.awt.headless=true --add-exports=java.base/sun.nio.ch=ALL-UNNAMED --add-exports=jdk.unsupported/sun.misc=ALL-UNNAMED --add-exports=jdk.unsupported/sun.reflect=ALL-UNNAMED --add-modules=java.se -Dorg.jboss.boot.log.file=/home/reinoud/devtools/wildfly-16.0.0.Final/standalone/log/server.log -Dlogging.configuration=file:/home/reinoud/devtools/wildfly-16.0.0.Final/standalone/configuration/logging.properties 
2019-03-25 13:36:39,855 INFO  [org.wildfly.security] (ServerService Thread Pool -- 26) ELY00001: WildFly Elytron version 1.8.0.Final
2019-03-25 13:36:40,295 INFO  [org.jboss.as.controller.management-deprecated] (Controller Boot Thread) WFLYCTL0028: Attribute 'security-realm' in the resource at address '/core-service=management/management-interface=http-interface' is deprecated, and may be removed in a future version. See the attribute description in the output of the read-resource-description operation to learn more about the deprecation.
2019-03-25 13:36:40,381 INFO  [org.jboss.as.controller.management-deprecated] (ServerService Thread Pool -- 6) WFLYCTL0028: Attribute 'security-realm' in the resource at address '/subsystem=undertow/server=default-server/https-listener=https' is deprecated, and may be removed in a future version. See the attribute description in the output of the read-resource-description operation to learn more about the deprecation.
2019-03-25 13:36:40,416 INFO  [org.jboss.as.server] (Controller Boot Thread) WFLYSRV0039: Creating http management service using socket-binding (management-http)
2019-03-25 13:36:40,429 INFO  [org.xnio] (MSC service thread 1-4) XNIO version 3.6.5.Final
2019-03-25 13:36:40,434 INFO  [org.xnio.nio] (MSC service thread 1-4) XNIO NIO Implementation Version 3.6.5.Final
2019-03-25 13:36:40,483 INFO  [org.jboss.remoting] (MSC service thread 1-8) JBoss Remoting version 5.0.8.Final
2019-03-25 13:36:40,496 INFO  [org.jboss.as.clustering.infinispan] (ServerService Thread Pool -- 49) WFLYCLINF0001: Activating Infinispan subsystem.
2019-03-25 13:36:40,512 INFO  [org.wildfly.extension.microprofile.opentracing] (ServerService Thread Pool -- 61) WFLYTRACEXT0001: Activating MicroProfile OpenTracing Subsystem
2019-03-25 13:36:40,513 INFO  [org.jboss.as.security] (ServerService Thread Pool -- 68) WFLYSEC0002: Activating Security Subsystem
2019-03-25 13:36:40,510 INFO  [org.jboss.as.jsf] (ServerService Thread Pool -- 56) WFLYJSF0007: Activated the following JSF Implementations: [main]
2019-03-25 13:36:40,512 INFO  [org.jboss.as.jaxrs] (ServerService Thread Pool -- 51) WFLYRS0016: RESTEasy version 3.6.3.Final
2019-03-25 13:36:40,533 INFO  [org.jboss.as.webservices] (ServerService Thread Pool -- 72) WFLYWS0002: Activating WebServices Extension
2019-03-25 13:36:40,534 INFO  [org.wildfly.extension.microprofile.metrics.smallrye] (ServerService Thread Pool -- 60) WFLYMETRICS0001: Activating Eclipse MicroProfile Metrics Subsystem
2019-03-25 13:36:40,546 INFO  [org.jboss.as.connector.subsystems.datasources] (ServerService Thread Pool -- 42) WFLYJCA0004: Deploying JDBC-compliant driver class org.h2.Driver (version 1.4)
2019-03-25 13:36:40,550 INFO  [org.wildfly.extension.microprofile.config.smallrye._private] (ServerService Thread Pool -- 58) WFLYCONF0001: Activating WildFly MicroProfile Config Subsystem
2019-03-25 13:36:40,551 INFO  [org.jboss.as.naming] (ServerService Thread Pool -- 62) WFLYNAM0001: Activating Naming Subsystem
2019-03-25 13:36:40,559 INFO  [org.wildfly.extension.undertow] (MSC service thread 1-2) WFLYUT0003: Undertow 2.0.19.Final starting
2019-03-25 13:36:40,558 INFO  [org.jboss.as.security] (MSC service thread 1-3) WFLYSEC0001: Current PicketBox version=5.0.3.Final
2019-03-25 13:36:40,568 INFO  [org.jboss.as.mail.extension] (MSC service thread 1-6) WFLYMAIL0002: Unbound mail session [java:jboss/mail/Default]
2019-03-25 13:36:40,574 WARN  [org.jboss.as.txn] (ServerService Thread Pool -- 70) WFLYTX0013: The node-identifier attribute on the /subsystem=transactions is set to the default value. This is a danger for environments running multiple servers. Please make sure the attribute value is unique.
2019-03-25 13:36:40,578 INFO  [org.jboss.as.connector] (MSC service thread 1-6) WFLYJCA0009: Starting JCA Subsystem (WildFly/IronJacamar 1.4.12.Final)
2019-03-25 13:36:40,611 INFO  [org.jboss.as.connector.deployers.jdbc] (MSC service thread 1-5) WFLYJCA0018: Started Driver service with driver-name = h2
2019-03-25 13:36:40,615 INFO  [org.wildfly.extension.microprofile.health.smallrye] (ServerService Thread Pool -- 59) WFLYHEALTH0001: Activating Eclipse MicroProfile Health Subsystem
2019-03-25 13:36:40,618 INFO  [org.jboss.as.mail.extension] (MSC service thread 1-5) WFLYMAIL0001: Bound mail session [java:jboss/mail/Default]
2019-03-25 13:36:40,619 INFO  [org.jboss.as.naming] (MSC service thread 1-2) WFLYNAM0003: Starting Naming Service
2019-03-25 13:36:40,628 INFO  [org.wildfly.extension.io] (ServerService Thread Pool -- 50) WFLYIO001: Worker 'default' has auto-configured to 8 core threads with 64 task threads based on your 4 available processors
2019-03-25 13:36:40,664 INFO  [org.jboss.as.connector.subsystems.datasources] (MSC service thread 1-1) WFLYJCA0010: Unbound data source [java:jboss/datasources/ExampleDS]
2019-03-25 13:36:40,662 INFO  [io.smallrye.metrics] (MSC service thread 1-6) Converted [2] config entries and added [4] replacements
2019-03-25 13:36:40,719 INFO  [io.smallrye.metrics] (MSC service thread 1-6) Converted [3] config entries and added [18] replacements
2019-03-25 13:36:40,833 INFO  [org.wildfly.extension.undertow] (MSC service thread 1-1) WFLYUT0012: Started server default-server.
2019-03-25 13:36:40,839 INFO  [org.wildfly.extension.undertow] (MSC service thread 1-3) WFLYUT0018: Host default-host starting
2019-03-25 13:36:40,856 INFO  [org.jboss.as.ejb3] (MSC service thread 1-2) WFLYEJB0481: Strict pool slsb-strict-max-pool is using a max instance size of 64 (per class), which is derived from thread worker pool sizing.
2019-03-25 13:36:40,829 INFO  [org.wildfly.extension.undertow] (ServerService Thread Pool -- 71) WFLYUT0014: Creating file handler for path '/home/reinoud/devtools/wildfly-16.0.0.Final/welcome-content' with options [directory-listing: 'false', follow-symlink: 'false', case-sensitive: 'true', safe-symlink-paths: '[]']
2019-03-25 13:36:40,856 INFO  [org.jboss.as.ejb3] (MSC service thread 1-7) WFLYEJB0482: Strict pool mdb-strict-max-pool is using a max instance size of 16 (per class), which is derived from the number of CPUs on this host.
2019-03-25 13:36:40,932 INFO  [org.wildfly.extension.undertow] (MSC service thread 1-4) WFLYUT0006: Undertow HTTP listener default listening on 127.0.0.1:8080
2019-03-25 13:36:41,105 INFO  [org.jboss.as.ejb3] (MSC service thread 1-2) WFLYEJB0493: EJB subsystem suspension complete
2019-03-25 13:36:41,156 INFO  [org.jboss.as.connector.subsystems.datasources] (MSC service thread 1-2) WFLYJCA0001: Bound data source [java:jboss/datasources/ExampleDS]
2019-03-25 13:36:41,186 INFO  [org.jboss.as.patching] (MSC service thread 1-2) WFLYPAT0050: WildFly Full cumulative patch ID is: base, one-off patches include: none
2019-03-25 13:36:41,199 WARN  [org.jboss.as.domain.management.security] (MSC service thread 1-5) WFLYDM0111: Keystore /home/reinoud/devtools/wildfly-16.0.0.Final/standalone/configuration/application.keystore not found, it will be auto generated on first use with a self signed certificate for host localhost
2019-03-25 13:36:41,210 INFO  [org.jboss.as.server.deployment.scanner] (MSC service thread 1-7) WFLYDS0013: Started FileSystemDeploymentService for directory /home/reinoud/devtools/wildfly-16.0.0.Final/standalone/deployments
2019-03-25 13:36:41,278 INFO  [org.wildfly.extension.undertow] (MSC service thread 1-5) WFLYUT0006: Undertow HTTPS listener https listening on 127.0.0.1:8443
2019-03-25 13:36:41,325 INFO  [org.jboss.ws.common.management] (MSC service thread 1-2) JBWS022052: Starting JBossWS 5.2.4.Final (Apache CXF 3.2.7) 
2019-03-25 13:36:41,427 INFO  [org.jboss.as.server] (Controller Boot Thread) WFLYSRV0212: Resuming server
2019-03-25 13:36:41,429 INFO  [org.jboss.as] (Controller Boot Thread) WFLYSRV0060: Http management interface listening on http://127.0.0.1:9990/management
2019-03-25 13:36:41,429 INFO  [org.jboss.as] (Controller Boot Thread) WFLYSRV0051: Admin console listening on http://127.0.0.1:9990
2019-03-25 13:36:41,429 INFO  [org.jboss.as] (Controller Boot Thread) WFLYSRV0025: WildFly Full 16.0.0.Final (WildFly Core 8.0.0.Final) started in 2931ms - Started 305 of 531 services (324 services are lazy, passive or on-demand)
2019-03-25 13:39:36,296 WARN  [org.jboss.as.server.deployment.scanner] (DeploymentScanner-threads - 2) WFLYDS0037: /home/reinoud/devtools/wildfly-16.0.0.Final/standalone/deployments does not exist
2019-03-25 13:39:36,297 WARN  [org.jboss.as.server.deployment.scanner] (DeploymentScanner-threads - 2) WFLYDS0043: Deployment directory scan failed due to inaccessible deployment directory: /home/reinoud/devtools/wildfly-16.0.0.Final/standalone/deployments
